0 info it worked if it ends with ok
1 verbose cli [ 'C:\\Program Files (x86)\\nodejs\\\\node.exe',
1 verbose cli   'C:\\Program Files (x86)\\nodejs\\node_modules\\npm\\bin\\npm-cli.js',
1 verbose cli   'install',
1 verbose cli   'midi' ]
2 info using npm@1.4.21
3 info using node@v0.11.14-nightly-20140819-pre
4 verbose node symlink C:\Program Files (x86)\nodejs\\node.exe
5 verbose cache add [ 'midi', null ]
6 verbose cache add name=undefined spec="midi" args=["midi",null]
7 verbose parsed url { protocol: null,
7 verbose parsed url   slashes: null,
7 verbose parsed url   auth: null,
7 verbose parsed url   host: null,
7 verbose parsed url   port: null,
7 verbose parsed url   hostname: null,
7 verbose parsed url   hash: null,
7 verbose parsed url   search: null,
7 verbose parsed url   query: null,
7 verbose parsed url   pathname: 'midi',
7 verbose parsed url   path: 'midi',
7 verbose parsed url   href: 'midi' }
8 silly lockFile 8a25185f-midi midi
9 verbose lock midi C:\Users\Justin\AppData\Roaming\npm-cache\8a25185f-midi.lock
10 silly lockFile 8a25185f-midi midi
11 silly lockFile 8a25185f-midi midi
12 verbose addNamed [ 'midi', '' ]
13 verbose addNamed [ null, '*' ]
14 silly lockFile c12d984d-midi midi@
15 verbose lock midi@ C:\Users\Justin\AppData\Roaming\npm-cache\c12d984d-midi.lock
16 silly addNameRange { name: 'midi', range: '*', hasData: false }
17 verbose request where is /midi
18 verbose request registry https://registry.npmjs.org/
19 verbose request id 5bc37792309109af
20 verbose url raw /midi
21 verbose url resolving [ 'https://registry.npmjs.org/', './midi' ]
22 verbose url resolved https://registry.npmjs.org/midi
23 verbose request where is https://registry.npmjs.org/midi
24 info trying registry request attempt 1 at 09:17:08
25 http GET https://registry.npmjs.org/midi
26 http 200 https://registry.npmjs.org/midi
27 silly registry.get cb [ 200,
27 silly registry.get   { date: 'Wed, 18 Feb 2015 17:17:09 GMT',
27 silly registry.get     server: 'CouchDB/1.5.0 (Erlang OTP/R16B03)',
27 silly registry.get     etag: '"8911NAGG7KEI5CML3YQNO5SGT"',
27 silly registry.get     'content-type': 'application/json',
27 silly registry.get     'cache-control': 'max-age=60',
27 silly registry.get     'content-length': '20688',
27 silly registry.get     'accept-ranges': 'bytes',
27 silly registry.get     via: '1.1 varnish',
27 silly registry.get     age: '0',
27 silly registry.get     'x-served-by': 'cache-sjc3122-SJC',
27 silly registry.get     'x-cache': 'MISS',
27 silly registry.get     'x-cache-hits': '0',
27 silly registry.get     'x-timer': 'S1424279829.791373,VS0,VE68',
27 silly registry.get     vary: 'Accept',
27 silly registry.get     connection: 'close' } ]
28 silly addNameRange number 2 { name: 'midi', range: '*', hasData: true }
29 silly addNameRange versions [ 'midi',
29 silly addNameRange   [ '0.1.0',
29 silly addNameRange     '0.2.0',
29 silly addNameRange     '0.3.0',
29 silly addNameRange     '0.4.0',
29 silly addNameRange     '0.5.0',
29 silly addNameRange     '0.6.0',
29 silly addNameRange     '0.7.0',
29 silly addNameRange     '0.7.1',
29 silly addNameRange     '0.8.0',
29 silly addNameRange     '0.8.1',
29 silly addNameRange     '0.9.0',
29 silly addNameRange     '0.9.1' ] ]
30 verbose addNamed [ 'midi', '0.9.1' ]
31 verbose addNamed [ '0.9.1', '0.9.1' ]
32 silly lockFile 067e2694-midi-0-9-1 midi@0.9.1
33 verbose lock midi@0.9.1 C:\Users\Justin\AppData\Roaming\npm-cache\067e2694-midi-0-9-1.lock
34 silly lockFile a8810f52-ry-npmjs-org-midi-midi-0-9-1-tgz https://registry.npmjs.org/midi/-/midi-0.9.1.tgz
35 verbose lock https://registry.npmjs.org/midi/-/midi-0.9.1.tgz C:\Users\Justin\AppData\Roaming\npm-cache\a8810f52-ry-npmjs-org-midi-midi-0-9-1-tgz.lock
36 verbose addRemoteTarball [ 'https://registry.npmjs.org/midi/-/midi-0.9.1.tgz',
36 verbose addRemoteTarball   '7ac89ba12b9688c2116c225b1460dad8edaf63fd' ]
37 info retry fetch attempt 1 at 09:17:09
38 verbose fetch to= c:\Users\Justin\AppData\Local\Temp\npm-18736-1Vhb6rl3\registry.npmjs.org\midi\-\midi-0.9.1.tgz
39 http GET https://registry.npmjs.org/midi/-/midi-0.9.1.tgz
40 http 200 https://registry.npmjs.org/midi/-/midi-0.9.1.tgz
41 silly lockFile a8810f52-ry-npmjs-org-midi-midi-0-9-1-tgz https://registry.npmjs.org/midi/-/midi-0.9.1.tgz
42 silly lockFile a8810f52-ry-npmjs-org-midi-midi-0-9-1-tgz https://registry.npmjs.org/midi/-/midi-0.9.1.tgz
43 silly lockFile 067e2694-midi-0-9-1 midi@0.9.1
44 silly lockFile 067e2694-midi-0-9-1 midi@0.9.1
45 silly lockFile c12d984d-midi midi@
46 silly lockFile c12d984d-midi midi@
47 silly resolved [ { name: 'midi',
47 silly resolved     version: '0.9.1',
47 silly resolved     scripts:
47 silly resolved      { test: 'node test/virtual-loopback-test-automated.js',
47 silly resolved        install: 'node-gyp rebuild' },
47 silly resolved     main: 'midi.js',
47 silly resolved     description: 'MIDI hardware IO',
47 silly resolved     author:
47 silly resolved      { name: 'Justin Latimer',
47 silly resolved        email: 'justinlatimer@gmail.com',
47 silly resolved        url: 'http://www.justinlatimer.com/' },
47 silly resolved     contributors: [ [Object], [Object], [Object], [Object], [Object] ],
47 silly resolved     engines: { node: '>=0.8.0' },
47 silly resolved     dependencies: { bindings: '*', nan: '~1.6.0' },
47 silly resolved     devDependencies: { mocha: '>= 1.17.x', should: '>= 3.1.x' },
47 silly resolved     repository:
47 silly resolved      { type: 'git',
47 silly resolved        url: 'https://github.com/justinlatimer/node-midi.git' },
47 silly resolved     gypfile: true,
47 silly resolved     gitHead: '6ba5194375ed4285b610de5520c864059a6c1229',
47 silly resolved     bugs: { url: 'https://github.com/justinlatimer/node-midi/issues' },
47 silly resolved     homepage: 'https://github.com/justinlatimer/node-midi',
47 silly resolved     _id: 'midi@0.9.1',
47 silly resolved     _shasum: '7ac89ba12b9688c2116c225b1460dad8edaf63fd',
47 silly resolved     _from: 'midi@',
47 silly resolved     _npmVersion: '2.5.0',
47 silly resolved     _nodeVersion: '0.12.0',
47 silly resolved     _npmUser: { name: 'justinlatimer', email: 'justinlatimer@gmail.com' },
47 silly resolved     maintainers: [ [Object], [Object], [Object] ],
47 silly resolved     dist:
47 silly resolved      { shasum: '7ac89ba12b9688c2116c225b1460dad8edaf63fd',
47 silly resolved        tarball: 'http://registry.npmjs.org/midi/-/midi-0.9.1.tgz' },
47 silly resolved     directories: {},
47 silly resolved     _resolved: 'https://registry.npmjs.org/midi/-/midi-0.9.1.tgz' } ]
48 info install midi@0.9.1 into C:\Users\Justin\Documents\GitHub\shadaez.github.io
49 info installOne midi@0.9.1
50 verbose node_modules\midi unbuild
51 verbose tar unpack c:\Users\Justin\AppData\Roaming\npm-cache\midi\0.9.1\package.tgz
52 silly lockFile 030aa7fb-daez-github-io-node-modules-midi tar://C:\Users\Justin\Documents\GitHub\shadaez.github.io\node_modules\midi
53 verbose lock tar://C:\Users\Justin\Documents\GitHub\shadaez.github.io\node_modules\midi C:\Users\Justin\AppData\Roaming\npm-cache\030aa7fb-daez-github-io-node-modules-midi.lock
54 silly lockFile 2ebefd70-npm-cache-midi-0-9-1-package-tgz tar://c:\Users\Justin\AppData\Roaming\npm-cache\midi\0.9.1\package.tgz
55 verbose lock tar://c:\Users\Justin\AppData\Roaming\npm-cache\midi\0.9.1\package.tgz C:\Users\Justin\AppData\Roaming\npm-cache\2ebefd70-npm-cache-midi-0-9-1-package-tgz.lock
56 silly gunzTarPerm modes [ '777', '666' ]
57 silly gunzTarPerm extractEntry package.json
58 silly gunzTarPerm modified mode [ 'package.json', 436, 438 ]
59 silly gunzTarPerm extractEntry .npmignore
60 silly gunzTarPerm modified mode [ '.npmignore', 436, 438 ]
61 silly gunzTarPerm extractEntry README.md
62 silly gunzTarPerm modified mode [ 'README.md', 436, 438 ]
63 silly gunzTarPerm extractEntry LICENSE
64 silly gunzTarPerm modified mode [ 'LICENSE', 436, 438 ]
65 silly gunzTarPerm extractEntry midi.js
66 silly gunzTarPerm modified mode [ 'midi.js', 436, 438 ]
67 silly gunzTarPerm extractEntry .c9/metadata/tab0
68 silly gunzTarPerm modified mode [ '.c9/metadata/tab0', 420, 438 ]
69 silly gunzTarPerm extractEntry CHANGELOG.md
70 silly gunzTarPerm modified mode [ 'CHANGELOG.md', 436, 438 ]
71 silly gunzTarPerm extractEntry binding.gyp
72 silly gunzTarPerm modified mode [ 'binding.gyp', 436, 438 ]
73 silly gunzTarPerm extractEntry src/lib/RtMidi/doc/doxygen/Doxyfile
74 silly gunzTarPerm modified mode [ 'src/lib/RtMidi/doc/doxygen/Doxyfile', 436, 438 ]
75 silly gunzTarPerm extractEntry src/lib/RtMidi/doc/doxygen/footer.html
76 silly gunzTarPerm modified mode [ 'src/lib/RtMidi/doc/doxygen/footer.html', 436, 438 ]
77 silly gunzTarPerm extractEntry src/lib/RtMidi/doc/doxygen/header.html
78 silly gunzTarPerm modified mode [ 'src/lib/RtMidi/doc/doxygen/header.html', 436, 438 ]
79 silly gunzTarPerm extractEntry src/lib/RtMidi/doc/doxygen/tutorial.txt
80 silly gunzTarPerm modified mode [ 'src/lib/RtMidi/doc/doxygen/tutorial.txt', 436, 438 ]
81 silly gunzTarPerm extractEntry src/lib/RtMidi/doc/html/dynsections.js
82 silly gunzTarPerm modified mode [ 'src/lib/RtMidi/doc/html/dynsections.js', 436, 438 ]
83 silly gunzTarPerm extractEntry src/lib/RtMidi/doc/html/jquery.js
84 silly gunzTarPerm modified mode [ 'src/lib/RtMidi/doc/html/jquery.js', 436, 438 ]
85 silly gunzTarPerm extractEntry src/lib/RtMidi/doc/html/classRtMidiOut.png
86 silly gunzTarPerm modified mode [ 'src/lib/RtMidi/doc/html/classRtMidiOut.png', 436, 438 ]
87 silly gunzTarPerm extractEntry src/lib/RtMidi/doc/html/bc_s.png
88 silly gunzTarPerm modified mode [ 'src/lib/RtMidi/doc/html/bc_s.png', 436, 438 ]
89 silly gunzTarPerm extractEntry src/lib/RtMidi/doc/html/bdwn.png
90 silly gunzTarPerm modified mode [ 'src/lib/RtMidi/doc/html/bdwn.png', 436, 438 ]
91 silly gunzTarPerm extractEntry src/lib/RtMidi/doc/html/classMidiApi-members.html
92 silly gunzTarPerm modified mode [ 'src/lib/RtMidi/doc/html/classMidiApi-members.html', 436, 438 ]
93 silly gunzTarPerm extractEntry src/lib/RtMidi/doc/html/classMidiApi.html
94 silly gunzTarPerm modified mode [ 'src/lib/RtMidi/doc/html/classMidiApi.html', 436, 438 ]
95 silly gunzTarPerm extractEntry src/lib/RtMidi/doc/html/classMidiApi.png
96 silly gunzTarPerm modified mode [ 'src/lib/RtMidi/doc/html/classMidiApi.png', 436, 438 ]
97 silly gunzTarPerm extractEntry src/lib/RtMidi/doc/html/classMidiInAlsa-members.html
98 silly gunzTarPerm modified mode [ 'src/lib/RtMidi/doc/html/classMidiInAlsa-members.html',
98 silly gunzTarPerm   436,
98 silly gunzTarPerm   438 ]
99 silly gunzTarPerm extractEntry src/lib/RtMidi/doc/html/classMidiInAlsa.html
100 silly gunzTarPerm modified mode [ 'src/lib/RtMidi/doc/html/classMidiInAlsa.html', 436, 438 ]
101 silly gunzTarPerm extractEntry src/lib/RtMidi/doc/html/classMidiInAlsa.png
102 silly gunzTarPerm modified mode [ 'src/lib/RtMidi/doc/html/classMidiInAlsa.png', 436, 438 ]
103 silly gunzTarPerm extractEntry src/lib/RtMidi/doc/html/classMidiInApi-members.html
104 silly gunzTarPerm modified mode [ 'src/lib/RtMidi/doc/html/classMidiInApi-members.html',
104 silly gunzTarPerm   436,
104 silly gunzTarPerm   438 ]
105 silly gunzTarPerm extractEntry src/lib/RtMidi/doc/html/classMidiInApi.html
106 silly gunzTarPerm modified mode [ 'src/lib/RtMidi/doc/html/classMidiInApi.html', 436, 438 ]
107 silly gunzTarPerm extractEntry src/lib/RtMidi/doc/html/classMidiInApi.png
108 silly gunzTarPerm modified mode [ 'src/lib/RtMidi/doc/html/classMidiInApi.png', 436, 438 ]
109 silly gunzTarPerm extractEntry src/lib/RtMidi/doc/html/classMidiInCore-members.html
110 silly gunzTarPerm modified mode [ 'src/lib/RtMidi/doc/html/classMidiInCore-members.html',
110 silly gunzTarPerm   436,
110 silly gunzTarPerm   438 ]
111 silly gunzTarPerm extractEntry src/lib/RtMidi/doc/html/classMidiInCore.html
112 silly gunzTarPerm modified mode [ 'src/lib/RtMidi/doc/html/classMidiInCore.html', 436, 438 ]
113 silly gunzTarPerm extractEntry src/lib/RtMidi/doc/html/classMidiInCore.png
114 silly gunzTarPerm modified mode [ 'src/lib/RtMidi/doc/html/classMidiInCore.png', 436, 438 ]
115 silly gunzTarPerm extractEntry src/lib/RtMidi/doc/html/classMidiInJack-members.html
116 silly gunzTarPerm modified mode [ 'src/lib/RtMidi/doc/html/classMidiInJack-members.html',
116 silly gunzTarPerm   436,
116 silly gunzTarPerm   438 ]
117 silly gunzTarPerm extractEntry src/lib/RtMidi/doc/html/classMidiInJack.html
118 silly gunzTarPerm modified mode [ 'src/lib/RtMidi/doc/html/classMidiInJack.html', 436, 438 ]
119 silly gunzTarPerm extractEntry src/lib/RtMidi/doc/html/classMidiInJack.png
120 silly gunzTarPerm modified mode [ 'src/lib/RtMidi/doc/html/classMidiInJack.png', 436, 438 ]
121 silly gunzTarPerm extractEntry src/lib/RtMidi/doc/html/classMidiInWinMM-members.html
122 silly gunzTarPerm modified mode [ 'src/lib/RtMidi/doc/html/classMidiInWinMM-members.html',
122 silly gunzTarPerm   436,
122 silly gunzTarPerm   438 ]
123 silly gunzTarPerm extractEntry src/lib/RtMidi/doc/html/classMidiInWinMM.html
124 silly gunzTarPerm modified mode [ 'src/lib/RtMidi/doc/html/classMidiInWinMM.html', 436, 438 ]
125 silly gunzTarPerm extractEntry src/lib/RtMidi/doc/html/classMidiInWinMM.png
126 silly gunzTarPerm modified mode [ 'src/lib/RtMidi/doc/html/classMidiInWinMM.png', 436, 438 ]
127 silly gunzTarPerm extractEntry src/lib/RtMidi/doc/html/classMidiOutAlsa-members.html
128 silly gunzTarPerm modified mode [ 'src/lib/RtMidi/doc/html/classMidiOutAlsa-members.html',
128 silly gunzTarPerm   436,
128 silly gunzTarPerm   438 ]
129 silly gunzTarPerm extractEntry src/lib/RtMidi/doc/html/classMidiOutAlsa.html
130 silly gunzTarPerm modified mode [ 'src/lib/RtMidi/doc/html/classMidiOutAlsa.html', 436, 438 ]
131 silly gunzTarPerm extractEntry src/lib/RtMidi/doc/html/classMidiOutAlsa.png
132 silly gunzTarPerm modified mode [ 'src/lib/RtMidi/doc/html/classMidiOutAlsa.png', 436, 438 ]
133 silly gunzTarPerm extractEntry src/lib/RtMidi/doc/html/classMidiOutApi-members.html
134 silly gunzTarPerm modified mode [ 'src/lib/RtMidi/doc/html/classMidiOutApi-members.html',
134 silly gunzTarPerm   436,
134 silly gunzTarPerm   438 ]
135 silly gunzTarPerm extractEntry src/lib/RtMidi/doc/html/classMidiOutApi.html
136 silly gunzTarPerm modified mode [ 'src/lib/RtMidi/doc/html/classMidiOutApi.html', 436, 438 ]
137 silly gunzTarPerm extractEntry src/lib/RtMidi/doc/html/classMidiOutApi.png
138 silly gunzTarPerm modified mode [ 'src/lib/RtMidi/doc/html/classMidiOutApi.png', 436, 438 ]
139 silly gunzTarPerm extractEntry src/lib/RtMidi/doc/html/classMidiOutCore-members.html
140 silly gunzTarPerm modified mode [ 'src/lib/RtMidi/doc/html/classMidiOutCore-members.html',
140 silly gunzTarPerm   436,
140 silly gunzTarPerm   438 ]
141 silly gunzTarPerm extractEntry src/lib/RtMidi/doc/html/classMidiOutCore.html
142 silly gunzTarPerm modified mode [ 'src/lib/RtMidi/doc/html/classMidiOutCore.html', 436, 438 ]
143 silly gunzTarPerm extractEntry src/lib/RtMidi/doc/html/classMidiOutCore.png
144 silly gunzTarPerm modified mode [ 'src/lib/RtMidi/doc/html/classMidiOutCore.png', 436, 438 ]
145 silly gunzTarPerm extractEntry src/lib/RtMidi/doc/html/classMidiOutJack-members.html
146 silly gunzTarPerm modified mode [ 'src/lib/RtMidi/doc/html/classMidiOutJack-members.html',
146 silly gunzTarPerm   436,
146 silly gunzTarPerm   438 ]
147 silly gunzTarPerm extractEntry src/lib/RtMidi/doc/html/classMidiOutJack.html
148 silly gunzTarPerm modified mode [ 'src/lib/RtMidi/doc/html/classMidiOutJack.html', 436, 438 ]
149 silly gunzTarPerm extractEntry src/lib/RtMidi/doc/html/classMidiOutJack.png
150 silly gunzTarPerm modified mode [ 'src/lib/RtMidi/doc/html/classMidiOutJack.png', 436, 438 ]
151 silly gunzTarPerm extractEntry src/lib/RtMidi/doc/html/classMidiOutWinMM-members.html
152 silly gunzTarPerm modified mode [ 'src/lib/RtMidi/doc/html/classMidiOutWinMM-members.html',
152 silly gunzTarPerm   436,
152 silly gunzTarPerm   438 ]
153 silly gunzTarPerm extractEntry src/lib/RtMidi/doc/html/classMidiOutWinMM.html
154 silly gunzTarPerm modified mode [ 'src/lib/RtMidi/doc/html/classMidiOutWinMM.html', 436, 438 ]
155 silly gunzTarPerm extractEntry src/lib/RtMidi/doc/html/classMidiOutWinMM.png
156 silly gunzTarPerm modified mode [ 'src/lib/RtMidi/doc/html/classMidiOutWinMM.png', 436, 438 ]
157 silly gunzTarPerm extractEntry src/lib/RtMidi/doc/html/classRtMidi-members.html
158 silly gunzTarPerm modified mode [ 'src/lib/RtMidi/doc/html/classRtMidi-members.html', 436, 438 ]
159 silly gunzTarPerm extractEntry src/lib/RtMidi/doc/html/classRtMidi.html
160 silly gunzTarPerm modified mode [ 'src/lib/RtMidi/doc/html/classRtMidi.html', 436, 438 ]
161 silly gunzTarPerm extractEntry src/lib/RtMidi/doc/html/classRtMidi.png
162 silly gunzTarPerm modified mode [ 'src/lib/RtMidi/doc/html/classRtMidi.png', 436, 438 ]
163 silly gunzTarPerm extractEntry src/lib/RtMidi/doc/html/classRtMidiError-members.html
164 silly gunzTarPerm modified mode [ 'src/lib/RtMidi/doc/html/classRtMidiError-members.html',
164 silly gunzTarPerm   436,
164 silly gunzTarPerm   438 ]
165 silly gunzTarPerm extractEntry src/lib/RtMidi/doc/html/classRtMidiError.html
166 silly gunzTarPerm modified mode [ 'src/lib/RtMidi/doc/html/classRtMidiError.html', 436, 438 ]
167 silly gunzTarPerm extractEntry src/lib/RtMidi/doc/html/classRtMidiError.png
168 silly gunzTarPerm modified mode [ 'src/lib/RtMidi/doc/html/classRtMidiError.png', 436, 438 ]
169 silly gunzTarPerm extractEntry src/lib/RtMidi/doc/html/classRtMidiIn-members.html
170 silly gunzTarPerm modified mode [ 'src/lib/RtMidi/doc/html/classRtMidiIn-members.html',
170 silly gunzTarPerm   436,
170 silly gunzTarPerm   438 ]
171 silly gunzTarPerm extractEntry src/lib/RtMidi/doc/html/classRtMidiIn.html
172 silly gunzTarPerm modified mode [ 'src/lib/RtMidi/doc/html/classRtMidiIn.html', 436, 438 ]
173 silly gunzTarPerm extractEntry src/lib/RtMidi/doc/html/classRtMidiIn.png
174 silly gunzTarPerm modified mode [ 'src/lib/RtMidi/doc/html/classRtMidiIn.png', 436, 438 ]
175 silly gunzTarPerm extractEntry src/lib/RtMidi/doc/html/classRtMidiOut-members.html
176 silly gunzTarPerm modified mode [ 'src/lib/RtMidi/doc/html/classRtMidiOut-members.html',
176 silly gunzTarPerm   436,
176 silly gunzTarPerm   438 ]
177 silly gunzTarPerm extractEntry src/lib/RtMidi/doc/html/classRtMidiOut.html
178 silly gunzTarPerm modified mode [ 'src/lib/RtMidi/doc/html/classRtMidiOut.html', 436, 438 ]
179 silly gunzTarPerm extractEntry src/lib/RtMidi/doc/html/RtMidi_8h_source.html
180 silly gunzTarPerm modified mode [ 'src/lib/RtMidi/doc/html/RtMidi_8h_source.html', 436, 438 ]
181 silly gunzTarPerm extractEntry src/lib/RtMidi/doc/html/classes.html
182 silly gunzTarPerm modified mode [ 'src/lib/RtMidi/doc/html/classes.html', 436, 438 ]
183 silly gunzTarPerm extractEntry src/lib/RtMidi/doc/html/closed.png
184 silly gunzTarPerm modified mode [ 'src/lib/RtMidi/doc/html/closed.png', 436, 438 ]
185 silly gunzTarPerm extractEntry src/lib/RtMidi/doc/html/doxygen.css
186 silly gunzTarPerm modified mode [ 'src/lib/RtMidi/doc/html/doxygen.css', 436, 438 ]
187 silly gunzTarPerm extractEntry src/lib/RtMidi/doc/html/doxygen.png
188 silly gunzTarPerm modified mode [ 'src/lib/RtMidi/doc/html/doxygen.png', 436, 438 ]
189 silly gunzTarPerm extractEntry src/lib/RtMidi/doc/html/RtMidi_8h.html
190 silly gunzTarPerm modified mode [ 'src/lib/RtMidi/doc/html/RtMidi_8h.html', 436, 438 ]
191 silly gunzTarPerm extractEntry src/lib/RtMidi/doc/html/files.html
192 silly gunzTarPerm modified mode [ 'src/lib/RtMidi/doc/html/files.html', 436, 438 ]
193 silly gunzTarPerm extractEntry src/lib/RtMidi/doc/html/ftv2blank.png
194 silly gunzTarPerm modified mode [ 'src/lib/RtMidi/doc/html/ftv2blank.png', 436, 438 ]
195 silly gunzTarPerm extractEntry src/lib/RtMidi/doc/html/ftv2cl.png
196 silly gunzTarPerm modified mode [ 'src/lib/RtMidi/doc/html/ftv2cl.png', 436, 438 ]
197 silly gunzTarPerm extractEntry src/lib/RtMidi/doc/html/ftv2doc.png
198 silly gunzTarPerm modified mode [ 'src/lib/RtMidi/doc/html/ftv2doc.png', 436, 438 ]
199 silly gunzTarPerm extractEntry src/lib/RtMidi/doc/html/ftv2folderclosed.png
200 silly gunzTarPerm modified mode [ 'src/lib/RtMidi/doc/html/ftv2folderclosed.png', 436, 438 ]
201 silly gunzTarPerm extractEntry src/lib/RtMidi/doc/html/ftv2folderopen.png
202 silly gunzTarPerm modified mode [ 'src/lib/RtMidi/doc/html/ftv2folderopen.png', 436, 438 ]
203 silly gunzTarPerm extractEntry src/lib/RtMidi/doc/html/ftv2lastnode.png
204 silly gunzTarPerm modified mode [ 'src/lib/RtMidi/doc/html/ftv2lastnode.png', 436, 438 ]
205 silly gunzTarPerm extractEntry src/lib/RtMidi/doc/html/ftv2link.png
206 silly gunzTarPerm modified mode [ 'src/lib/RtMidi/doc/html/ftv2link.png', 436, 438 ]
207 silly gunzTarPerm extractEntry src/lib/RtMidi/doc/html/ftv2mlastnode.png
208 silly gunzTarPerm modified mode [ 'src/lib/RtMidi/doc/html/ftv2mlastnode.png', 436, 438 ]
209 silly gunzTarPerm extractEntry src/lib/RtMidi/doc/html/ftv2mnode.png
210 silly gunzTarPerm modified mode [ 'src/lib/RtMidi/doc/html/ftv2mnode.png', 436, 438 ]
211 silly gunzTarPerm extractEntry src/lib/RtMidi/doc/html/ftv2mo.png
212 silly gunzTarPerm modified mode [ 'src/lib/RtMidi/doc/html/ftv2mo.png', 436, 438 ]
213 silly gunzTarPerm extractEntry src/lib/RtMidi/doc/html/ftv2node.png
214 silly gunzTarPerm modified mode [ 'src/lib/RtMidi/doc/html/ftv2node.png', 436, 438 ]
215 silly gunzTarPerm extractEntry src/lib/RtMidi/doc/html/ftv2ns.png
216 silly gunzTarPerm modified mode [ 'src/lib/RtMidi/doc/html/ftv2ns.png', 436, 438 ]
217 silly gunzTarPerm extractEntry src/lib/RtMidi/doc/html/ftv2plastnode.png
218 silly gunzTarPerm modified mode [ 'src/lib/RtMidi/doc/html/ftv2plastnode.png', 436, 438 ]
219 silly gunzTarPerm extractEntry src/lib/RtMidi/doc/html/ftv2pnode.png
220 silly gunzTarPerm modified mode [ 'src/lib/RtMidi/doc/html/ftv2pnode.png', 436, 438 ]
221 silly gunzTarPerm extractEntry src/lib/RtMidi/doc/html/ftv2splitbar.png
222 silly gunzTarPerm modified mode [ 'src/lib/RtMidi/doc/html/ftv2splitbar.png', 436, 438 ]
223 silly gunzTarPerm extractEntry src/lib/RtMidi/doc/html/ftv2vertline.png
224 silly gunzTarPerm modified mode [ 'src/lib/RtMidi/doc/html/ftv2vertline.png', 436, 438 ]
225 silly gunzTarPerm extractEntry src/lib/RtMidi/doc/html/functions.html
226 silly gunzTarPerm modified mode [ 'src/lib/RtMidi/doc/html/functions.html', 436, 438 ]
227 silly gunzTarPerm extractEntry src/lib/RtMidi/doc/html/functions_enum.html
228 silly gunzTarPerm modified mode [ 'src/lib/RtMidi/doc/html/functions_enum.html', 436, 438 ]
229 silly gunzTarPerm extractEntry src/lib/RtMidi/doc/html/functions_eval.html
230 silly gunzTarPerm modified mode [ 'src/lib/RtMidi/doc/html/functions_eval.html', 436, 438 ]
231 silly gunzTarPerm extractEntry src/lib/RtMidi/doc/html/functions_func.html
232 silly gunzTarPerm modified mode [ 'src/lib/RtMidi/doc/html/functions_func.html', 436, 438 ]
233 silly gunzTarPerm extractEntry src/lib/RtMidi/doc/html/functions_type.html
234 silly gunzTarPerm modified mode [ 'src/lib/RtMidi/doc/html/functions_type.html', 436, 438 ]
235 silly gunzTarPerm extractEntry src/lib/RtMidi/doc/html/globals.html
236 silly gunzTarPerm modified mode [ 'src/lib/RtMidi/doc/html/globals.html', 436, 438 ]
237 silly gunzTarPerm extractEntry src/lib/RtMidi/doc/html/globals_type.html
238 silly gunzTarPerm modified mode [ 'src/lib/RtMidi/doc/html/globals_type.html', 436, 438 ]
239 silly gunzTarPerm extractEntry src/lib/RtMidi/doc/html/hierarchy.html
240 silly gunzTarPerm modified mode [ 'src/lib/RtMidi/doc/html/hierarchy.html', 436, 438 ]
241 silly gunzTarPerm extractEntry src/lib/RtMidi/doc/html/index.html
242 silly gunzTarPerm modified mode [ 'src/lib/RtMidi/doc/html/index.html', 436, 438 ]
243 silly gunzTarPerm extractEntry src/lib/RtMidi/doc/html/annotated.html
244 silly gunzTarPerm modified mode [ 'src/lib/RtMidi/doc/html/annotated.html', 436, 438 ]
245 silly gunzTarPerm extractEntry src/lib/RtMidi/doc/html/nav_f.png
246 silly gunzTarPerm modified mode [ 'src/lib/RtMidi/doc/html/nav_f.png', 436, 438 ]
247 silly gunzTarPerm extractEntry src/lib/RtMidi/doc/html/nav_g.png
248 silly gunzTarPerm modified mode [ 'src/lib/RtMidi/doc/html/nav_g.png', 436, 438 ]
249 silly gunzTarPerm extractEntry src/lib/RtMidi/doc/html/nav_h.png
250 silly gunzTarPerm modified mode [ 'src/lib/RtMidi/doc/html/nav_h.png', 436, 438 ]
251 silly gunzTarPerm extractEntry src/lib/RtMidi/doc/html/open.png
252 silly gunzTarPerm modified mode [ 'src/lib/RtMidi/doc/html/open.png', 436, 438 ]
253 silly gunzTarPerm extractEntry src/lib/RtMidi/doc/html/structMidiInApi_1_1MidiMessage-members.html
254 silly gunzTarPerm modified mode [ 'src/lib/RtMidi/doc/html/structMidiInApi_1_1MidiMessage-members.html',
254 silly gunzTarPerm   436,
254 silly gunzTarPerm   438 ]
255 silly gunzTarPerm extractEntry src/lib/RtMidi/doc/html/structMidiInApi_1_1MidiMessage.html
256 silly gunzTarPerm modified mode [ 'src/lib/RtMidi/doc/html/structMidiInApi_1_1MidiMessage.html',
256 silly gunzTarPerm   436,
256 silly gunzTarPerm   438 ]
257 silly gunzTarPerm extractEntry src/lib/RtMidi/doc/html/structMidiInApi_1_1MidiQueue-members.html
258 silly gunzTarPerm modified mode [ 'src/lib/RtMidi/doc/html/structMidiInApi_1_1MidiQueue-members.html',
258 silly gunzTarPerm   436,
258 silly gunzTarPerm   438 ]
259 silly gunzTarPerm extractEntry src/lib/RtMidi/doc/html/structMidiInApi_1_1MidiQueue.html
260 silly gunzTarPerm modified mode [ 'src/lib/RtMidi/doc/html/structMidiInApi_1_1MidiQueue.html',
260 silly gunzTarPerm   436,
260 silly gunzTarPerm   438 ]
261 silly gunzTarPerm extractEntry src/lib/RtMidi/doc/html/structMidiInApi_1_1RtMidiInData-members.html
262 silly gunzTarPerm modified mode [ 'src/lib/RtMidi/doc/html/structMidiInApi_1_1RtMidiInData-members.html',
262 silly gunzTarPerm   436,
262 silly gunzTarPerm   438 ]
263 silly gunzTarPerm extractEntry src/lib/RtMidi/doc/html/structMidiInApi_1_1RtMidiInData.html
264 silly gunzTarPerm modified mode [ 'src/lib/RtMidi/doc/html/structMidiInApi_1_1RtMidiInData.html',
264 silly gunzTarPerm   436,
264 silly gunzTarPerm   438 ]
265 silly gunzTarPerm extractEntry src/lib/RtMidi/doc/html/sync_off.png
266 silly gunzTarPerm modified mode [ 'src/lib/RtMidi/doc/html/sync_off.png', 436, 438 ]
267 silly gunzTarPerm extractEntry src/lib/RtMidi/doc/html/sync_on.png
268 silly gunzTarPerm modified mode [ 'src/lib/RtMidi/doc/html/sync_on.png', 436, 438 ]
269 silly gunzTarPerm extractEntry src/lib/RtMidi/doc/html/tab_a.png
270 silly gunzTarPerm modified mode [ 'src/lib/RtMidi/doc/html/tab_a.png', 436, 438 ]
271 silly gunzTarPerm extractEntry src/lib/RtMidi/doc/html/tab_b.png
272 silly gunzTarPerm modified mode [ 'src/lib/RtMidi/doc/html/tab_b.png', 436, 438 ]
273 silly gunzTarPerm extractEntry src/lib/RtMidi/doc/html/tab_h.png
274 silly gunzTarPerm modified mode [ 'src/lib/RtMidi/doc/html/tab_h.png', 436, 438 ]
275 silly gunzTarPerm extractEntry src/lib/RtMidi/doc/html/tab_s.png
276 silly gunzTarPerm modified mode [ 'src/lib/RtMidi/doc/html/tab_s.png', 436, 438 ]
277 silly gunzTarPerm extractEntry src/lib/RtMidi/doc/html/tabs.css
278 silly gunzTarPerm modified mode [ 'src/lib/RtMidi/doc/html/tabs.css', 436, 438 ]
279 silly gunzTarPerm extractEntry src/lib/RtMidi/doc/images/ccrma.gif
280 silly gunzTarPerm modified mode [ 'src/lib/RtMidi/doc/images/ccrma.gif', 436, 438 ]
281 silly gunzTarPerm extractEntry src/lib/RtMidi/doc/images/mcgill.gif
282 silly gunzTarPerm modified mode [ 'src/lib/RtMidi/doc/images/mcgill.gif', 436, 438 ]
283 silly gunzTarPerm extractEntry src/lib/RtMidi/doc/release.txt
284 silly gunzTarPerm modified mode [ 'src/lib/RtMidi/doc/release.txt', 436, 438 ]
285 silly gunzTarPerm extractEntry src/lib/RtMidi/Makefile.in
286 silly gunzTarPerm modified mode [ 'src/lib/RtMidi/Makefile.in', 436, 438 ]
287 silly gunzTarPerm extractEntry src/lib/RtMidi/RtMidi.h
288 silly gunzTarPerm modified mode [ 'src/lib/RtMidi/RtMidi.h', 436, 438 ]
289 silly gunzTarPerm extractEntry src/lib/RtMidi/config/config.guess
290 silly gunzTarPerm modified mode [ 'src/lib/RtMidi/config/config.guess', 509, 511 ]
291 silly gunzTarPerm extractEntry src/lib/RtMidi/config/config.sub
292 silly gunzTarPerm modified mode [ 'src/lib/RtMidi/config/config.sub', 509, 511 ]
293 silly gunzTarPerm extractEntry src/lib/RtMidi/config/install.sh
294 silly gunzTarPerm modified mode [ 'src/lib/RtMidi/config/install.sh', 509, 511 ]
295 silly gunzTarPerm extractEntry src/lib/RtMidi/configure
296 silly gunzTarPerm modified mode [ 'src/lib/RtMidi/configure', 509, 511 ]
297 silly gunzTarPerm extractEntry src/lib/RtMidi/configure.ac
298 silly gunzTarPerm modified mode [ 'src/lib/RtMidi/configure.ac', 436, 438 ]
299 silly gunzTarPerm extractEntry src/lib/RtMidi/RtMidi.cpp
300 silly gunzTarPerm modified mode [ 'src/lib/RtMidi/RtMidi.cpp', 436, 438 ]
301 silly gunzTarPerm extractEntry src/lib/RtMidi/librtmidi.pc.in
302 silly gunzTarPerm modified mode [ 'src/lib/RtMidi/librtmidi.pc.in', 436, 438 ]
303 silly gunzTarPerm extractEntry src/lib/RtMidi/msw/readme
304 silly gunzTarPerm modified mode [ 'src/lib/RtMidi/msw/readme', 436, 438 ]
305 silly gunzTarPerm extractEntry src/lib/RtMidi/msw/rtmidilib.sln
306 silly gunzTarPerm modified mode [ 'src/lib/RtMidi/msw/rtmidilib.sln', 509, 511 ]
307 silly gunzTarPerm extractEntry src/lib/RtMidi/msw/rtmidilib.vcproj
308 silly gunzTarPerm modified mode [ 'src/lib/RtMidi/msw/rtmidilib.vcproj', 509, 511 ]
309 silly gunzTarPerm extractEntry src/lib/RtMidi/readme
310 silly gunzTarPerm modified mode [ 'src/lib/RtMidi/readme', 436, 438 ]
311 silly gunzTarPerm extractEntry src/lib/RtMidi/rtmidi-config.in
312 silly gunzTarPerm modified mode [ 'src/lib/RtMidi/rtmidi-config.in', 436, 438 ]
313 silly gunzTarPerm extractEntry src/lib/RtMidi/tests/midiout.dsp
314 silly gunzTarPerm modified mode [ 'src/lib/RtMidi/tests/midiout.dsp', 436, 438 ]
315 silly gunzTarPerm extractEntry src/lib/RtMidi/tests/Debug/.placeholder
316 silly gunzTarPerm modified mode [ 'src/lib/RtMidi/tests/Debug/.placeholder', 436, 438 ]
317 silly gunzTarPerm extractEntry src/lib/RtMidi/tests/Release/.placeholder
318 silly gunzTarPerm modified mode [ 'src/lib/RtMidi/tests/Release/.placeholder', 436, 438 ]
319 silly gunzTarPerm extractEntry src/lib/RtMidi/tests/RtMidi.dsw
320 silly gunzTarPerm modified mode [ 'src/lib/RtMidi/tests/RtMidi.dsw', 436, 438 ]
321 silly gunzTarPerm extractEntry src/lib/RtMidi/tests/cmidiin.cpp
322 silly gunzTarPerm modified mode [ 'src/lib/RtMidi/tests/cmidiin.cpp', 436, 438 ]
323 silly gunzTarPerm extractEntry src/lib/RtMidi/tests/cmidiin.dsp
324 silly gunzTarPerm modified mode [ 'src/lib/RtMidi/tests/cmidiin.dsp', 436, 438 ]
325 silly gunzTarPerm extractEntry src/lib/RtMidi/tests/midiout.cpp
326 silly gunzTarPerm modified mode [ 'src/lib/RtMidi/tests/midiout.cpp', 436, 438 ]
327 silly gunzTarPerm extractEntry src/lib/RtMidi/tests/Makefile.in
328 silly gunzTarPerm modified mode [ 'src/lib/RtMidi/tests/Makefile.in', 436, 438 ]
329 silly gunzTarPerm extractEntry src/lib/RtMidi/tests/midiprobe.cpp
330 silly gunzTarPerm modified mode [ 'src/lib/RtMidi/tests/midiprobe.cpp', 436, 438 ]
331 silly gunzTarPerm extractEntry src/lib/RtMidi/tests/midiprobe.dsp
332 silly gunzTarPerm modified mode [ 'src/lib/RtMidi/tests/midiprobe.dsp', 436, 438 ]
333 silly gunzTarPerm extractEntry src/lib/RtMidi/tests/qmidiin.cpp
334 silly gunzTarPerm modified mode [ 'src/lib/RtMidi/tests/qmidiin.cpp', 436, 438 ]
335 silly gunzTarPerm extractEntry src/lib/RtMidi/tests/qmidiin.dsp
336 silly gunzTarPerm modified mode [ 'src/lib/RtMidi/tests/qmidiin.dsp', 436, 438 ]
337 silly gunzTarPerm extractEntry src/lib/RtMidi/tests/sysextest.cpp
338 silly gunzTarPerm modified mode [ 'src/lib/RtMidi/tests/sysextest.cpp', 436, 438 ]
339 silly gunzTarPerm extractEntry src/lib/RtMidi/tests/sysextest.dsp
340 silly gunzTarPerm modified mode [ 'src/lib/RtMidi/tests/sysextest.dsp', 436, 438 ]
341 silly gunzTarPerm extractEntry src/node-midi.cpp
342 silly gunzTarPerm modified mode [ 'src/node-midi.cpp', 436, 438 ]
343 silly gunzTarPerm extractEntry test/input-test.js
344 silly gunzTarPerm modified mode [ 'test/input-test.js', 436, 438 ]
345 silly gunzTarPerm extractEntry test/output-test.js
346 silly gunzTarPerm modified mode [ 'test/output-test.js', 436, 438 ]
347 silly gunzTarPerm extractEntry test/unit-tests.js
348 silly gunzTarPerm modified mode [ 'test/unit-tests.js', 436, 438 ]
349 silly gunzTarPerm extractEntry test/virtual-input-test.js
350 silly gunzTarPerm modified mode [ 'test/virtual-input-test.js', 436, 438 ]
351 silly gunzTarPerm extractEntry test/virtual-loopback-test-automated.js
352 silly gunzTarPerm modified mode [ 'test/virtual-loopback-test-automated.js', 436, 438 ]
353 silly gunzTarPerm extractEntry test/virtual-loopback-test.js
354 silly gunzTarPerm modified mode [ 'test/virtual-loopback-test.js', 436, 438 ]
355 silly gunzTarPerm extractEntry test/virtual-output-test.js
356 silly gunzTarPerm modified mode [ 'test/virtual-output-test.js', 436, 438 ]
357 silly gunzTarPerm extractEntry test/virtual-readStream-test.js
358 silly gunzTarPerm modified mode [ 'test/virtual-readStream-test.js', 436, 438 ]
359 silly gunzTarPerm extractEntry test/virtual-writeStream-test.js
360 silly gunzTarPerm modified mode [ 'test/virtual-writeStream-test.js', 436, 438 ]
361 silly gunzTarPerm extractEntry test/fixture/144-23-81.bin
362 silly gunzTarPerm modified mode [ 'test/fixture/144-23-81.bin', 436, 438 ]
363 silly lockFile 030aa7fb-daez-github-io-node-modules-midi tar://C:\Users\Justin\Documents\GitHub\shadaez.github.io\node_modules\midi
364 silly lockFile 030aa7fb-daez-github-io-node-modules-midi tar://C:\Users\Justin\Documents\GitHub\shadaez.github.io\node_modules\midi
365 silly lockFile 2ebefd70-npm-cache-midi-0-9-1-package-tgz tar://c:\Users\Justin\AppData\Roaming\npm-cache\midi\0.9.1\package.tgz
366 silly lockFile 2ebefd70-npm-cache-midi-0-9-1-package-tgz tar://c:\Users\Justin\AppData\Roaming\npm-cache\midi\0.9.1\package.tgz
367 info preinstall midi@0.9.1
368 verbose readDependencies using package.json deps
369 verbose readDependencies using package.json deps
370 verbose cache add [ 'bindings@*', null ]
371 verbose cache add name=undefined spec="bindings@*" args=["bindings@*",null]
372 verbose parsed url { protocol: null,
372 verbose parsed url   slashes: null,
372 verbose parsed url   auth: null,
372 verbose parsed url   host: null,
372 verbose parsed url   port: null,
372 verbose parsed url   hostname: null,
372 verbose parsed url   hash: null,
372 verbose parsed url   search: null,
372 verbose parsed url   query: null,
372 verbose parsed url   pathname: 'bindings@*',
372 verbose parsed url   path: 'bindings@*',
372 verbose parsed url   href: 'bindings@*' }
373 verbose cache add [ 'nan@~1.6.0', null ]
374 verbose cache add name=undefined spec="nan@~1.6.0" args=["nan@~1.6.0",null]
375 verbose parsed url { protocol: null,
375 verbose parsed url   slashes: null,
375 verbose parsed url   auth: null,
375 verbose parsed url   host: null,
375 verbose parsed url   port: null,
375 verbose parsed url   hostname: null,
375 verbose parsed url   hash: null,
375 verbose parsed url   search: null,
375 verbose parsed url   query: null,
375 verbose parsed url   pathname: 'nan@~1.6.0',
375 verbose parsed url   path: 'nan@~1.6.0',
375 verbose parsed url   href: 'nan@~1.6.0' }
376 verbose cache add name="bindings" spec="*" args=["bindings","*"]
377 verbose parsed url { protocol: null,
377 verbose parsed url   slashes: null,
377 verbose parsed url   auth: null,
377 verbose parsed url   host: null,
377 verbose parsed url   port: null,
377 verbose parsed url   hostname: null,
377 verbose parsed url   hash: null,
377 verbose parsed url   search: null,
377 verbose parsed url   query: null,
377 verbose parsed url   pathname: '*',
377 verbose parsed url   path: '*',
377 verbose parsed url   href: '*' }
378 verbose addNamed [ 'bindings', '*' ]
379 verbose addNamed [ null, '*' ]
380 silly lockFile a3858fc2-bindings bindings@*
381 verbose lock bindings@* C:\Users\Justin\AppData\Roaming\npm-cache\a3858fc2-bindings.lock
382 verbose cache add name="nan" spec="~1.6.0" args=["nan","~1.6.0"]
383 verbose parsed url { protocol: null,
383 verbose parsed url   slashes: null,
383 verbose parsed url   auth: null,
383 verbose parsed url   host: null,
383 verbose parsed url   port: null,
383 verbose parsed url   hostname: null,
383 verbose parsed url   hash: null,
383 verbose parsed url   search: null,
383 verbose parsed url   query: null,
383 verbose parsed url   pathname: '~1.6.0',
383 verbose parsed url   path: '~1.6.0',
383 verbose parsed url   href: '~1.6.0' }
384 verbose addNamed [ 'nan', '~1.6.0' ]
385 verbose addNamed [ null, '>=1.6.0-0 <1.7.0-0' ]
386 silly lockFile caa4895d-nan-1-6-0 nan@~1.6.0
387 verbose lock nan@~1.6.0 C:\Users\Justin\AppData\Roaming\npm-cache\caa4895d-nan-1-6-0.lock
388 silly addNameRange { name: 'bindings', range: '*', hasData: false }
389 silly addNameRange { name: 'nan', range: '>=1.6.0-0 <1.7.0-0', hasData: false }
390 verbose request where is /bindings
391 verbose request registry https://registry.npmjs.org/
392 verbose url raw /bindings
393 verbose url resolving [ 'https://registry.npmjs.org/', './bindings' ]
394 verbose url resolved https://registry.npmjs.org/bindings
395 verbose request where is https://registry.npmjs.org/bindings
396 info trying registry request attempt 1 at 09:17:10
397 http GET https://registry.npmjs.org/bindings
398 verbose request where is /nan
399 verbose request registry https://registry.npmjs.org/
400 verbose url raw /nan
401 verbose url resolving [ 'https://registry.npmjs.org/', './nan' ]
402 verbose url resolved https://registry.npmjs.org/nan
403 verbose request where is https://registry.npmjs.org/nan
404 info trying registry request attempt 1 at 09:17:10
405 verbose etag "5BYMDXP63NAXJ1QSKMNKT61L8"
406 http GET https://registry.npmjs.org/nan
407 http 200 https://registry.npmjs.org/bindings
408 silly registry.get cb [ 200,
408 silly registry.get   { date: 'Wed, 18 Feb 2015 17:17:11 GMT',
408 silly registry.get     server: 'CouchDB/1.5.0 (Erlang OTP/R16B03)',
408 silly registry.get     etag: '"BJGP1201ZXLWX88VO1W0N0YSR"',
408 silly registry.get     'content-type': 'application/json',
408 silly registry.get     'cache-control': 'max-age=60',
408 silly registry.get     'content-length': '18313',
408 silly registry.get     'accept-ranges': 'bytes',
408 silly registry.get     via: '1.1 varnish',
408 silly registry.get     age: '56',
408 silly registry.get     'x-served-by': 'cache-sjc3125-SJC',
408 silly registry.get     'x-cache': 'HIT',
408 silly registry.get     'x-cache-hits': '4',
408 silly registry.get     'x-timer': 'S1424279831.277519,VS0,VE0',
408 silly registry.get     vary: 'Accept',
408 silly registry.get     connection: 'close' } ]
409 silly addNameRange number 2 { name: 'bindings', range: '*', hasData: true }
410 silly addNameRange versions [ 'bindings',
410 silly addNameRange   [ '0.0.1',
410 silly addNameRange     '0.1.0',
410 silly addNameRange     '0.1.1',
410 silly addNameRange     '0.2.0',
410 silly addNameRange     '0.2.1',
410 silly addNameRange     '0.2.2',
410 silly addNameRange     '0.2.3',
410 silly addNameRange     '0.2.4',
410 silly addNameRange     '0.3.0',
410 silly addNameRange     '0.4.0',
410 silly addNameRange     '1.0.0',
410 silly addNameRange     '1.1.0',
410 silly addNameRange     '1.1.1',
410 silly addNameRange     '1.2.0',
410 silly addNameRange     '1.2.1' ] ]
411 verbose addNamed [ 'bindings', '1.2.1' ]
412 verbose addNamed [ '1.2.1', '1.2.1' ]
413 silly lockFile e9060511-bindings-1-2-1 bindings@1.2.1
414 verbose lock bindings@1.2.1 C:\Users\Justin\AppData\Roaming\npm-cache\e9060511-bindings-1-2-1.lock
415 silly lockFile 0932abb1--org-bindings-bindings-1-2-1-tgz https://registry.npmjs.org/bindings/-/bindings-1.2.1.tgz
416 verbose lock https://registry.npmjs.org/bindings/-/bindings-1.2.1.tgz C:\Users\Justin\AppData\Roaming\npm-cache\0932abb1--org-bindings-bindings-1-2-1-tgz.lock
417 verbose addRemoteTarball [ 'https://registry.npmjs.org/bindings/-/bindings-1.2.1.tgz',
417 verbose addRemoteTarball   '14ad6113812d2d37d72e67b4cacb4bb726505f11' ]
418 info retry fetch attempt 1 at 09:17:10
419 verbose fetch to= c:\Users\Justin\AppData\Local\Temp\npm-18736-1Vhb6rl3\registry.npmjs.org\bindings\-\bindings-1.2.1.tgz
420 http GET https://registry.npmjs.org/bindings/-/bindings-1.2.1.tgz
421 http 200 https://registry.npmjs.org/nan
422 silly registry.get cb [ 200,
422 silly registry.get   { date: 'Wed, 18 Feb 2015 17:17:11 GMT',
422 silly registry.get     server: 'CouchDB/1.6.1 (Erlang OTP/R14B04)',
422 silly registry.get     etag: '"EI65ZGD4YQM5HZLU2BK7SJIT9"',
422 silly registry.get     'content-type': 'application/json',
422 silly registry.get     'cache-control': 'max-age=60',
422 silly registry.get     'content-length': '99368',
422 silly registry.get     'accept-ranges': 'bytes',
422 silly registry.get     via: '1.1 varnish',
422 silly registry.get     age: '30',
422 silly registry.get     'x-served-by': 'cache-sjc3130-SJC',
422 silly registry.get     'x-cache': 'HIT',
422 silly registry.get     'x-cache-hits': '2',
422 silly registry.get     'x-timer': 'S1424279831.303846,VS0,VE0',
422 silly registry.get     vary: 'Accept',
422 silly registry.get     connection: 'close' } ]
423 silly addNameRange number 2 { name: 'nan', range: '>=1.6.0-0 <1.7.0-0', hasData: true }
424 silly addNameRange versions [ 'nan',
424 silly addNameRange   [ '0.3.0-wip',
424 silly addNameRange     '0.3.0-wip2',
424 silly addNameRange     '0.3.0',
424 silly addNameRange     '0.3.1',
424 silly addNameRange     '0.3.2',
424 silly addNameRange     '0.4.0',
424 silly addNameRange     '0.4.1',
424 silly addNameRange     '0.4.2',
424 silly addNameRange     '0.4.3',
424 silly addNameRange     '0.4.4',
424 silly addNameRange     '0.5.0',
424 silly addNameRange     '0.5.1',
424 silly addNameRange     '0.5.2',
424 silly addNameRange     '0.6.0',
424 silly addNameRange     '0.7.0',
424 silly addNameRange     '0.7.1',
424 silly addNameRange     '0.8.0',
424 silly addNameRange     '1.0.0',
424 silly addNameRange     '1.1.0',
424 silly addNameRange     '1.1.1',
424 silly addNameRange     '1.1.2',
424 silly addNameRange     '1.2.0',
424 silly addNameRange     '1.3.0',
424 silly addNameRange     '1.4.0',
424 silly addNameRange     '1.4.1',
424 silly addNameRange     '1.5.0',
424 silly addNameRange     '1.4.2',
424 silly addNameRange     '1.4.3',
424 silly addNameRange     '1.5.1',
424 silly addNameRange     '1.5.2',
424 silly addNameRange     '1.6.0',
424 silly addNameRange     '1.5.3',
424 silly addNameRange     '1.6.1',
424 silly addNameRange     '1.6.2' ] ]
425 verbose addNamed [ 'nan', '1.6.2' ]
426 verbose addNamed [ '1.6.2', '1.6.2' ]
427 silly lockFile c1b71d68-nan-1-6-2 nan@1.6.2
428 verbose lock nan@1.6.2 C:\Users\Justin\AppData\Roaming\npm-cache\c1b71d68-nan-1-6-2.lock
429 silly lockFile da0ffafe-stry-npmjs-org-nan-nan-1-6-2-tgz https://registry.npmjs.org/nan/-/nan-1.6.2.tgz
430 verbose lock https://registry.npmjs.org/nan/-/nan-1.6.2.tgz C:\Users\Justin\AppData\Roaming\npm-cache\da0ffafe-stry-npmjs-org-nan-nan-1-6-2-tgz.lock
431 verbose addRemoteTarball [ 'https://registry.npmjs.org/nan/-/nan-1.6.2.tgz',
431 verbose addRemoteTarball   '2657d1c43b00f1e847e083832285b7d8f5ba8ec8' ]
432 info retry fetch attempt 1 at 09:17:10
433 verbose fetch to= c:\Users\Justin\AppData\Local\Temp\npm-18736-1Vhb6rl3\registry.npmjs.org\nan\-\nan-1.6.2.tgz
434 http GET https://registry.npmjs.org/nan/-/nan-1.6.2.tgz
435 http 200 https://registry.npmjs.org/bindings/-/bindings-1.2.1.tgz
436 silly lockFile 0932abb1--org-bindings-bindings-1-2-1-tgz https://registry.npmjs.org/bindings/-/bindings-1.2.1.tgz
437 silly lockFile 0932abb1--org-bindings-bindings-1-2-1-tgz https://registry.npmjs.org/bindings/-/bindings-1.2.1.tgz
438 silly lockFile e9060511-bindings-1-2-1 bindings@1.2.1
439 silly lockFile e9060511-bindings-1-2-1 bindings@1.2.1
440 silly lockFile a3858fc2-bindings bindings@*
441 silly lockFile a3858fc2-bindings bindings@*
442 http 200 https://registry.npmjs.org/nan/-/nan-1.6.2.tgz
443 silly lockFile da0ffafe-stry-npmjs-org-nan-nan-1-6-2-tgz https://registry.npmjs.org/nan/-/nan-1.6.2.tgz
444 silly lockFile da0ffafe-stry-npmjs-org-nan-nan-1-6-2-tgz https://registry.npmjs.org/nan/-/nan-1.6.2.tgz
445 silly lockFile c1b71d68-nan-1-6-2 nan@1.6.2
446 silly lockFile c1b71d68-nan-1-6-2 nan@1.6.2
447 silly lockFile caa4895d-nan-1-6-0 nan@~1.6.0
448 silly lockFile caa4895d-nan-1-6-0 nan@~1.6.0
449 silly resolved [ { name: 'bindings',
449 silly resolved     description: 'Helper module for loading your native module\'s .node file',
449 silly resolved     keywords: [ 'native', 'addon', 'bindings', 'gyp', 'waf', 'c', 'c++' ],
449 silly resolved     version: '1.2.1',
449 silly resolved     author:
449 silly resolved      { name: 'Nathan Rajlich',
449 silly resolved        email: 'nathan@tootallnate.net',
449 silly resolved        url: 'http://tootallnate.net' },
449 silly resolved     repository:
449 silly resolved      { type: 'git',
449 silly resolved        url: 'git://github.com/TooTallNate/node-bindings.git' },
449 silly resolved     main: './bindings.js',
449 silly resolved     bugs: { url: 'https://github.com/TooTallNate/node-bindings/issues' },
449 silly resolved     homepage: 'https://github.com/TooTallNate/node-bindings',
449 silly resolved     license: 'MIT',
449 silly resolved     gitHead: 'e404152ee27f8478ccbc7122ee051246e8e5ec02',
449 silly resolved     _id: 'bindings@1.2.1',
449 silly resolved     scripts: {},
449 silly resolved     _shasum: '14ad6113812d2d37d72e67b4cacb4bb726505f11',
449 silly resolved     _from: 'bindings@*',
449 silly resolved     _npmVersion: '1.4.14',
449 silly resolved     _npmUser: { name: 'tootallnate', email: 'nathan@tootallnate.net' },
449 silly resolved     maintainers: [ [Object], [Object] ],
449 silly resolved     dist:
449 silly resolved      { shasum: '14ad6113812d2d37d72e67b4cacb4bb726505f11',
449 silly resolved        tarball: 'http://registry.npmjs.org/bindings/-/bindings-1.2.1.tgz' },
449 silly resolved     directories: {},
449 silly resolved     _resolved: 'https://registry.npmjs.org/bindings/-/bindings-1.2.1.tgz' },
449 silly resolved   { name: 'nan',
449 silly resolved     version: '1.6.2',
449 silly resolved     description: 'Native Abstractions for Node.js: C++ header for Node 0.8->0.12 compatibility',
449 silly resolved     main: 'include_dirs.js',
449 silly resolved     repository: { type: 'git', url: 'git://github.com/rvagg/nan.git' },
449 silly resolved     scripts:
449 silly resolved      { test: 'tap --gc test/js/*-test.js',
449 silly resolved        'rebuild-tests': 'pangyp rebuild --directory test' },
449 silly resolved     contributors:
449 silly resolved      [ [Object],
449 silly resolved        [Object],
449 silly resolved        [Object],
449 silly resolved        [Object],
449 silly resolved        [Object],
449 silly resolved        [Object],
449 silly resolved        [Object] ],
449 silly resolved     devDependencies:
449 silly resolved      { bindings: '~1.2.1',
449 silly resolved        'node-gyp': '~1.0.2',
449 silly resolved        pangyp: '~2.0.1',
449 silly resolved        tap: '~0.5.0',
449 silly resolved        xtend: '~4.0.0' },
449 silly resolved     license: 'MIT',
449 silly resolved     gitHead: 'ab0e5eed8d4aa36111bf8f44cf75644ece327e98',
449 silly resolved     bugs: { url: 'https://github.com/rvagg/nan/issues' },
449 silly resolved     homepage: 'https://github.com/rvagg/nan',
449 silly resolved     _id: 'nan@1.6.2',
449 silly resolved     _shasum: '2657d1c43b00f1e847e083832285b7d8f5ba8ec8',
449 silly resolved     _from: 'nan@~1.6.0',
449 silly resolved     _npmVersion: '2.0.0',
449 silly resolved     _npmUser: { name: 'kkoopa', email: 'bbyholm@abo.fi' },
449 silly resolved     maintainers: [ [Object], [Object] ],
449 silly resolved     dist:
449 silly resolved      { shasum: '2657d1c43b00f1e847e083832285b7d8f5ba8ec8',
449 silly resolved        tarball: 'http://registry.npmjs.org/nan/-/nan-1.6.2.tgz' },
449 silly resolved     directories: {},
449 silly resolved     _resolved: 'https://registry.npmjs.org/nan/-/nan-1.6.2.tgz' } ]
450 info install bindings@1.2.1 into C:\Users\Justin\Documents\GitHub\shadaez.github.io\node_modules\midi
451 info install nan@1.6.2 into C:\Users\Justin\Documents\GitHub\shadaez.github.io\node_modules\midi
452 info installOne bindings@1.2.1
453 info installOne nan@1.6.2
454 verbose node_modules\midi\node_modules\bindings unbuild
455 verbose node_modules\midi\node_modules\nan unbuild
456 verbose tar unpack c:\Users\Justin\AppData\Roaming\npm-cache\bindings\1.2.1\package.tgz
457 silly lockFile c1552068-dules-midi-node-modules-bindings tar://C:\Users\Justin\Documents\GitHub\shadaez.github.io\node_modules\midi\node_modules\bindings
458 verbose lock tar://C:\Users\Justin\Documents\GitHub\shadaez.github.io\node_modules\midi\node_modules\bindings C:\Users\Justin\AppData\Roaming\npm-cache\c1552068-dules-midi-node-modules-bindings.lock
459 silly lockFile 11637898-cache-bindings-1-2-1-package-tgz tar://c:\Users\Justin\AppData\Roaming\npm-cache\bindings\1.2.1\package.tgz
460 verbose lock tar://c:\Users\Justin\AppData\Roaming\npm-cache\bindings\1.2.1\package.tgz C:\Users\Justin\AppData\Roaming\npm-cache\11637898-cache-bindings-1-2-1-package-tgz.lock
461 verbose tar unpack c:\Users\Justin\AppData\Roaming\npm-cache\nan\1.6.2\package.tgz
462 silly lockFile 4c0fb398-de-modules-midi-node-modules-nan tar://C:\Users\Justin\Documents\GitHub\shadaez.github.io\node_modules\midi\node_modules\nan
463 verbose lock tar://C:\Users\Justin\Documents\GitHub\shadaez.github.io\node_modules\midi\node_modules\nan C:\Users\Justin\AppData\Roaming\npm-cache\4c0fb398-de-modules-midi-node-modules-nan.lock
464 silly lockFile 7ddfc6e1--npm-cache-nan-1-6-2-package-tgz tar://c:\Users\Justin\AppData\Roaming\npm-cache\nan\1.6.2\package.tgz
465 verbose lock tar://c:\Users\Justin\AppData\Roaming\npm-cache\nan\1.6.2\package.tgz C:\Users\Justin\AppData\Roaming\npm-cache\7ddfc6e1--npm-cache-nan-1-6-2-package-tgz.lock
466 silly gunzTarPerm modes [ '777', '666' ]
467 silly gunzTarPerm modes [ '777', '666' ]
468 silly gunzTarPerm extractEntry package.json
469 silly gunzTarPerm modified mode [ 'package.json', 420, 438 ]
470 silly gunzTarPerm extractEntry package.json
471 silly gunzTarPerm modified mode [ 'package.json', 436, 438 ]
472 silly gunzTarPerm extractEntry README.md
473 silly gunzTarPerm modified mode [ 'README.md', 420, 438 ]
474 silly gunzTarPerm extractEntry bindings.js
475 silly gunzTarPerm modified mode [ 'bindings.js', 420, 438 ]
476 silly gunzTarPerm extractEntry include_dirs.js
477 silly gunzTarPerm modified mode [ 'include_dirs.js', 436, 438 ]
478 silly gunzTarPerm extractEntry LICENSE.md
479 silly gunzTarPerm modified mode [ 'LICENSE.md', 436, 438 ]
480 silly gunzTarPerm extractEntry .dntrc
481 silly gunzTarPerm modified mode [ '.dntrc', 436, 438 ]
482 silly gunzTarPerm extractEntry appveyor.yml
483 silly gunzTarPerm modified mode [ 'appveyor.yml', 436, 438 ]
484 silly gunzTarPerm extractEntry nan.h
485 silly gunzTarPerm modified mode [ 'nan.h', 436, 438 ]
486 silly gunzTarPerm extractEntry nan_implementation_12_inl.h
487 silly gunzTarPerm modified mode [ 'nan_implementation_12_inl.h', 436, 438 ]
488 silly gunzTarPerm extractEntry nan_implementation_pre_12_inl.h
489 silly gunzTarPerm modified mode [ 'nan_implementation_pre_12_inl.h', 436, 438 ]
490 silly gunzTarPerm extractEntry nan_new.h
491 silly gunzTarPerm modified mode [ 'nan_new.h', 436, 438 ]
492 silly gunzTarPerm extractEntry nan_string_bytes.h
493 silly gunzTarPerm modified mode [ 'nan_string_bytes.h', 436, 438 ]
494 silly gunzTarPerm extractEntry CHANGELOG.md
495 silly gunzTarPerm modified mode [ 'CHANGELOG.md', 436, 438 ]
496 silly lockFile c1552068-dules-midi-node-modules-bindings tar://C:\Users\Justin\Documents\GitHub\shadaez.github.io\node_modules\midi\node_modules\bindings
497 silly lockFile c1552068-dules-midi-node-modules-bindings tar://C:\Users\Justin\Documents\GitHub\shadaez.github.io\node_modules\midi\node_modules\bindings
498 silly lockFile 11637898-cache-bindings-1-2-1-package-tgz tar://c:\Users\Justin\AppData\Roaming\npm-cache\bindings\1.2.1\package.tgz
499 silly lockFile 11637898-cache-bindings-1-2-1-package-tgz tar://c:\Users\Justin\AppData\Roaming\npm-cache\bindings\1.2.1\package.tgz
500 info preinstall bindings@1.2.1
501 verbose readDependencies using package.json deps
502 verbose readDependencies using package.json deps
503 silly resolved []
504 verbose about to build C:\Users\Justin\Documents\GitHub\shadaez.github.io\node_modules\midi\node_modules\bindings
505 info build C:\Users\Justin\Documents\GitHub\shadaez.github.io\node_modules\midi\node_modules\bindings
506 verbose linkStuff [ false,
506 verbose linkStuff   false,
506 verbose linkStuff   false,
506 verbose linkStuff   'C:\\Users\\Justin\\Documents\\GitHub\\shadaez.github.io\\node_modules\\midi\\node_modules' ]
507 info linkStuff bindings@1.2.1
508 verbose linkBins bindings@1.2.1
509 verbose linkMans bindings@1.2.1
510 verbose rebuildBundles bindings@1.2.1
511 info install bindings@1.2.1
512 info postinstall bindings@1.2.1
513 silly lockFile 4c0fb398-de-modules-midi-node-modules-nan tar://C:\Users\Justin\Documents\GitHub\shadaez.github.io\node_modules\midi\node_modules\nan
514 silly lockFile 4c0fb398-de-modules-midi-node-modules-nan tar://C:\Users\Justin\Documents\GitHub\shadaez.github.io\node_modules\midi\node_modules\nan
515 silly lockFile 7ddfc6e1--npm-cache-nan-1-6-2-package-tgz tar://c:\Users\Justin\AppData\Roaming\npm-cache\nan\1.6.2\package.tgz
516 silly lockFile 7ddfc6e1--npm-cache-nan-1-6-2-package-tgz tar://c:\Users\Justin\AppData\Roaming\npm-cache\nan\1.6.2\package.tgz
517 info preinstall nan@1.6.2
518 verbose readDependencies using package.json deps
519 verbose readDependencies using package.json deps
520 silly resolved []
521 verbose about to build C:\Users\Justin\Documents\GitHub\shadaez.github.io\node_modules\midi\node_modules\nan
522 info build C:\Users\Justin\Documents\GitHub\shadaez.github.io\node_modules\midi\node_modules\nan
523 verbose linkStuff [ false,
523 verbose linkStuff   false,
523 verbose linkStuff   false,
523 verbose linkStuff   'C:\\Users\\Justin\\Documents\\GitHub\\shadaez.github.io\\node_modules\\midi\\node_modules' ]
524 info linkStuff nan@1.6.2
525 verbose linkBins nan@1.6.2
526 verbose linkMans nan@1.6.2
527 verbose rebuildBundles nan@1.6.2
528 info install nan@1.6.2
529 info postinstall nan@1.6.2
530 verbose about to build C:\Users\Justin\Documents\GitHub\shadaez.github.io\node_modules\midi
531 info build C:\Users\Justin\Documents\GitHub\shadaez.github.io\node_modules\midi
532 verbose linkStuff [ false,
532 verbose linkStuff   false,
532 verbose linkStuff   false,
532 verbose linkStuff   'C:\\Users\\Justin\\Documents\\GitHub\\shadaez.github.io\\node_modules' ]
533 info linkStuff midi@0.9.1
534 verbose linkBins midi@0.9.1
535 verbose linkMans midi@0.9.1
536 verbose rebuildBundles midi@0.9.1
537 verbose rebuildBundles [ 'bindings', 'nan' ]
538 info install midi@0.9.1
539 verbose unsafe-perm in lifecycle true
540 info midi@0.9.1 Failed to exec install script
541 verbose node_modules\midi unbuild
542 info preuninstall midi@0.9.1
543 info uninstall midi@0.9.1
544 verbose true,C:\Users\Justin\Documents\GitHub\shadaez.github.io\node_modules,C:\Users\Justin\Documents\GitHub\shadaez.github.io\node_modules unbuild midi@0.9.1
545 info postuninstall midi@0.9.1
546 error midi@0.9.1 install: `node-gyp rebuild`
546 error Exit status 1
547 error Failed at the midi@0.9.1 install script.
547 error This is most likely a problem with the midi package,
547 error not with npm itself.
547 error Tell the author that this fails on your system:
547 error     node-gyp rebuild
547 error You can get their info via:
547 error     npm owner ls midi
547 error There is likely additional logging output above.
548 error System Windows_NT 6.2.9200
549 error command "C:\\Program Files (x86)\\nodejs\\\\node.exe" "C:\\Program Files (x86)\\nodejs\\node_modules\\npm\\bin\\npm-cli.js" "install" "midi"
550 error cwd C:\Users\Justin\Documents\GitHub\shadaez.github.io
551 error node -v v0.11.14-nightly-20140819-pre
552 error npm -v 1.4.21
553 error code ELIFECYCLE
554 verbose exit [ 1, true ]
